  main.cpp
D:\桌面\三下\计算机图形学\lab11\Lab01\main.cpp(631,33): warning C4244: “参数”: 从“double”转换到“_Ty”，可能丢失数据
          with
          [
              _Ty=float
          ]
D:\桌面\三下\计算机图形学\lab11\Lab01\main.cpp(637,35): warning C4244: “参数”: 从“double”转换到“_Ty”，可能丢失数据
          with
          [
              _Ty=float
          ]
D:\桌面\三下\计算机图形学\lab11\Lab01\main.cpp(662,28): warning C4305: “参数”: 从“double”到“_Ty”截断
          with
          [
              _Ty=float
          ]
D:\桌面\三下\计算机图形学\lab11\Lab01\main.cpp(953,123): warning C4244: “参数”: 从“double”转换到“GLfloat”，可能丢失数据
D:\桌面\三下\计算机图形学\lab11\Lab01\main.cpp(953,113): warning C4244: “参数”: 从“double”转换到“GLfloat”，可能丢失数据
D:\桌面\三下\计算机图形学\lab11\Lab01\main.cpp(953,83): warning C4244: “参数”: 从“double”转换到“GLfloat”，可能丢失数据
D:\桌面\三下\计算机图形学\lab11\Lab01\main.cpp(964,92): warning C4244: “参数”: 从“double”转换到“GLfloat”，可能丢失数据
D:\桌面\三下\计算机图形学\lab11\Lab01\main.cpp(976,92): warning C4244: “参数”: 从“double”转换到“GLfloat”，可能丢失数据
D:\桌面\三下\计算机图形学\lab11\Lab01\main.cpp(1019,99): warning C4244: “参数”: 从“double”转换到“GLfloat”，可能丢失数据
D:\桌面\三下\计算机图形学\lab11\Lab01\main.cpp(1153,16): warning C4305: “+=”: 从“double”到“float”截断
D:\桌面\三下\计算机图形学\lab11\Lab01\main.cpp(1156,16): warning C4305: “-=”: 从“double”到“float”截断
D:\桌面\三下\计算机图形学\lab11\Lab01\main.cpp(1288,24): warning C4244: “初始化”: 从“double”转换到“float”，可能丢失数据
LINK : warning LNK4098: 默认库“MSVCRT”与其他库的使用冲突；请使用 /NODEFAULTLIB:library
  Lab01.vcxproj -> D:\桌面\三下\计算机图形学\lab11\x64\Debug\Lab01.exe
